WARNING, 2023-07-26 00:50:10,942, Compare.py - alarm Error 발생
WARNING, 2023-07-26 00:50:10,942, Error : local variable 'RAM' referenced before assignment
WARNING, 2023-07-26 00:50:10,942, Statistics/Part.py - Error 발생minutely_statistics_list
WARNING, 2023-07-26 00:50:10,942, Error : 'NoneType' object is not iterable
WARNING, 2023-07-26 00:50:10,942, GroupByCount.py - drive_usage_size_exceeded Error 발생
WARNING, 2023-07-26 00:50:10,942, Error : 'NoneType' object has no attribute 'computer_id'
WARNING, 2023-07-26 00:50:10,943, GroupByCount.py - ram_usage_size_exceeded Error 발생
WARNING, 2023-07-26 00:50:10,943, Error : 'NoneType' object has no attribute 'computer_id'
WARNING, 2023-07-26 00:50:10,943, GroupByCount.py - cpu_usage_size_exceeded Error 발생
WARNING, 2023-07-26 00:50:10,943, Error : 'NoneType' object has no attribute 'computer_id'
WARNING, 2023-07-26 00:50:10,943, GroupByCount.py - last_reboot_exceeded Error 발생
WARNING, 2023-07-26 00:50:10,943, Error : 'NoneType' object has no attribute 'computer_id'
WARNING, 2023-07-26 00:50:10,943, GroupByCount.py - group_ram_usage_exceeded Error 발생
WARNING, 2023-07-26 00:50:10,943, Error : 'NoneType' object has no attribute 'computer_id'
WARNING, 2023-07-26 00:50:10,943, GroupByCount.py - group_cpu_usage_exceeded Error 발생
WARNING, 2023-07-26 00:50:10,943, Error : 'NoneType' object has no attribute 'computer_id'
WARNING, 2023-07-26 00:50:10,943, GroupByCount.py - group_listen_port_count_change Error 발생
WARNING, 2023-07-26 00:50:10,943, Error : 'NoneType' object has no attribute 'computer_id'
WARNING, 2023-07-26 00:50:10,944, GroupByCount.py - group_established_port_count_change Error 발생
WARNING, 2023-07-26 00:50:10,944, Error : 'NoneType' object has no attribute 'computer_id'
WARNING, 2023-07-26 00:50:10,944, GroupByCount.py - group_running_service_count_exceeded Error 발생
WARNING, 2023-07-26 00:50:10,944, Error : 'NoneType' object has no attribute 'computer_id'
WARNING, 2023-07-26 00:50:10,944, GroupByCount.py - group_last_reboot Error 발생
WARNING, 2023-07-26 00:50:10,944, Error : 'NoneType' object has no attribute 'computer_id'
WARNING, 2023-07-26 00:50:10,944, GroupByCount.py - group_drive_usage_size_exceeded Error 발생
WARNING, 2023-07-26 00:50:10,944, Error : 'NoneType' object has no attribute 'computer_id'
WARNING, 2023-07-26 00:50:10,944, GroupByCount.py - group_server_count Error 발생
WARNING, 2023-07-26 00:50:10,944, Error : 'NoneType' object has no attribute 'computer_id'
WARNING, 2023-07-26 00:50:11,002, Minutely CMU Module Failcan only concatenate list (not "NoneType") to list
WARNING, 2023-07-26 13:16:09,208, Minutely CMU Module Failcan only concatenate str (not "datetime.datetime") to str
WARNING, 2023-07-26 15:25:13,990, Minutely CMU Module Fail오류:  "minutely_statistics" 이름의 릴레이션(relation)이 없습니다
LINE 2:                 INSERT INTO minutely_statistics (
                                    ^

